CRITICAL - 2026-03-26 18:07:02 --> ErrorException: Undefined variable $productos
[Method: GET, Route: limpieza]
in APPPATH\Views\limpieza.php on line 8.
 1 APPPATH\Views\limpieza.php(8): CodeIgniter\Debug\Exceptions->errorHandler(2, 'Undefined variable $productos', 'C:\\xampp\\htdocs\\codeigniter4\\app\\Views\\limpieza.php', 8)
 2 SYSTEMPATH\View\View.php(238): include('C:\\xampp\\htdocs\\codeigniter4\\app\\Views\\limpieza.php')
 3 SYSTEMPATH\View\View.php(241): CodeIgniter\View\View->CodeIgniter\View\{closure}()
 4 SYSTEMPATH\Common.php(1250): CodeIgniter\View\View->render('limpieza', [], true)
 5 APPPATH\Controllers\Primero.php(60): view('limpieza')
 6 SYSTEMPATH\CodeIgniter.php(951): App\Controllers\Primero->limpieza()
 7 SYSTEMPATH\CodeIgniter.php(497): CodeIgniter\CodeIgniter->runController(Object(App\Controllers\Primero))
 8 SYSTEMPATH\CodeIgniter.php(340): CodeIgniter\CodeIgniter->handleRequest(null, Object(Config\Cache), false)
 9 SYSTEMPATH\Boot.php(417): CodeIgniter\CodeIgniter->run()
10 SYSTEMPATH\Boot.php(68): CodeIgniter\Boot::runCodeIgniter(Object(CodeIgniter\CodeIgniter))
11 FCPATH\index.php(59): CodeIgniter\Boot::bootWeb(Object(Config\Paths))
CRITICAL - 2026-03-26 18:09:08 --> ErrorException: Undefined variable $productos
[Method: GET, Route: limpieza]
in APPPATH\Views\limpieza.php on line 8.
 1 APPPATH\Views\limpieza.php(8): CodeIgniter\Debug\Exceptions->errorHandler(2, 'Undefined variable $productos', 'C:\\xampp\\htdocs\\codeigniter4\\app\\Views\\limpieza.php', 8)
 2 SYSTEMPATH\View\View.php(238): include('C:\\xampp\\htdocs\\codeigniter4\\app\\Views\\limpieza.php')
 3 SYSTEMPATH\View\View.php(241): CodeIgniter\View\View->CodeIgniter\View\{closure}()
 4 SYSTEMPATH\Common.php(1250): CodeIgniter\View\View->render('limpieza', [], true)
 5 APPPATH\Controllers\Primero.php(60): view('limpieza')
 6 SYSTEMPATH\CodeIgniter.php(951): App\Controllers\Primero->limpieza()
 7 SYSTEMPATH\CodeIgniter.php(497): CodeIgniter\CodeIgniter->runController(Object(App\Controllers\Primero))
 8 SYSTEMPATH\CodeIgniter.php(340): CodeIgniter\CodeIgniter->handleRequest(null, Object(Config\Cache), false)
 9 SYSTEMPATH\Boot.php(417): CodeIgniter\CodeIgniter->run()
10 SYSTEMPATH\Boot.php(68): CodeIgniter\Boot::runCodeIgniter(Object(CodeIgniter\CodeIgniter))
11 FCPATH\index.php(59): CodeIgniter\Boot::bootWeb(Object(Config\Paths))
CRITICAL - 2026-03-26 18:09:13 --> ErrorException: Undefined variable $productos
[Method: GET, Route: limpieza]
in APPPATH\Views\limpieza.php on line 8.
 1 APPPATH\Views\limpieza.php(8): CodeIgniter\Debug\Exceptions->errorHandler(2, 'Undefined variable $productos', 'C:\\xampp\\htdocs\\codeigniter4\\app\\Views\\limpieza.php', 8)
 2 SYSTEMPATH\View\View.php(238): include('C:\\xampp\\htdocs\\codeigniter4\\app\\Views\\limpieza.php')
 3 SYSTEMPATH\View\View.php(241): CodeIgniter\View\View->CodeIgniter\View\{closure}()
 4 SYSTEMPATH\Common.php(1250): CodeIgniter\View\View->render('limpieza', [], true)
 5 APPPATH\Controllers\Primero.php(60): view('limpieza')
 6 SYSTEMPATH\CodeIgniter.php(951): App\Controllers\Primero->limpieza()
 7 SYSTEMPATH\CodeIgniter.php(497): CodeIgniter\CodeIgniter->runController(Object(App\Controllers\Primero))
 8 SYSTEMPATH\CodeIgniter.php(340): CodeIgniter\CodeIgniter->handleRequest(null, Object(Config\Cache), false)
 9 SYSTEMPATH\Boot.php(417): CodeIgniter\CodeIgniter->run()
10 SYSTEMPATH\Boot.php(68): CodeIgniter\Boot::runCodeIgniter(Object(CodeIgniter\CodeIgniter))
11 FCPATH\index.php(59): CodeIgniter\Boot::bootWeb(Object(Config\Paths))
CRITICAL - 2026-03-26 22:11:29 --> ErrorException: Undefined variable $producto
[Method: GET, Route: hogar]
in APPPATH\Views\hogar.php on line 9.
 1 APPPATH\Views\hogar.php(9): CodeIgniter\Debug\Exceptions->errorHandler(2, 'Undefined variable $producto', 'C:\\xampp\\htdocs\\codeigniter4\\app\\Views\\hogar.php', 9)
 2 SYSTEMPATH\View\View.php(238): include('C:\\xampp\\htdocs\\codeigniter4\\app\\Views\\hogar.php')
 3 SYSTEMPATH\View\View.php(241): CodeIgniter\View\View->CodeIgniter\View\{closure}()
 4 SYSTEMPATH\Common.php(1250): CodeIgniter\View\View->render('hogar', [], true)
 5 APPPATH\Controllers\Primero.php(52): view('hogar')
 6 SYSTEMPATH\CodeIgniter.php(951): App\Controllers\Primero->hogar()
 7 SYSTEMPATH\CodeIgniter.php(497): CodeIgniter\CodeIgniter->runController(Object(App\Controllers\Primero))
 8 SYSTEMPATH\CodeIgniter.php(340): CodeIgniter\CodeIgniter->handleRequest(null, Object(Config\Cache), false)
 9 SYSTEMPATH\Boot.php(417): CodeIgniter\CodeIgniter->run()
10 SYSTEMPATH\Boot.php(68): CodeIgniter\Boot::runCodeIgniter(Object(CodeIgniter\CodeIgniter))
11 FCPATH\index.php(59): CodeIgniter\Boot::bootWeb(Object(Config\Paths))
CRITICAL - 2026-03-26 22:13:41 --> ErrorException: Undefined variable $producto
[Method: GET, Route: hogar]
in APPPATH\Views\hogar.php on line 9.
 1 APPPATH\Views\hogar.php(9): CodeIgniter\Debug\Exceptions->errorHandler(2, 'Undefined variable $producto', 'C:\\xampp\\htdocs\\codeigniter4\\app\\Views\\hogar.php', 9)
 2 SYSTEMPATH\View\View.php(238): include('C:\\xampp\\htdocs\\codeigniter4\\app\\Views\\hogar.php')
 3 SYSTEMPATH\View\View.php(241): CodeIgniter\View\View->CodeIgniter\View\{closure}()
 4 SYSTEMPATH\Common.php(1250): CodeIgniter\View\View->render('hogar', [], true)
 5 APPPATH\Controllers\Primero.php(52): view('hogar')
 6 SYSTEMPATH\CodeIgniter.php(951): App\Controllers\Primero->hogar()
 7 SYSTEMPATH\CodeIgniter.php(497): CodeIgniter\CodeIgniter->runController(Object(App\Controllers\Primero))
 8 SYSTEMPATH\CodeIgniter.php(340): CodeIgniter\CodeIgniter->handleRequest(null, Object(Config\Cache), false)
 9 SYSTEMPATH\Boot.php(417): CodeIgniter\CodeIgniter->run()
10 SYSTEMPATH\Boot.php(68): CodeIgniter\Boot::runCodeIgniter(Object(CodeIgniter\CodeIgniter))
11 FCPATH\index.php(59): CodeIgniter\Boot::bootWeb(Object(Config\Paths))
CRITICAL - 2026-03-26 22:13:44 --> ErrorException: Undefined variable $producto
[Method: GET, Route: hogar]
in APPPATH\Views\hogar.php on line 9.
 1 APPPATH\Views\hogar.php(9): CodeIgniter\Debug\Exceptions->errorHandler(2, 'Undefined variable $producto', 'C:\\xampp\\htdocs\\codeigniter4\\app\\Views\\hogar.php', 9)
 2 SYSTEMPATH\View\View.php(238): include('C:\\xampp\\htdocs\\codeigniter4\\app\\Views\\hogar.php')
 3 SYSTEMPATH\View\View.php(241): CodeIgniter\View\View->CodeIgniter\View\{closure}()
 4 SYSTEMPATH\Common.php(1250): CodeIgniter\View\View->render('hogar', [], true)
 5 APPPATH\Controllers\Primero.php(52): view('hogar')
 6 SYSTEMPATH\CodeIgniter.php(951): App\Controllers\Primero->hogar()
 7 SYSTEMPATH\CodeIgniter.php(497): CodeIgniter\CodeIgniter->runController(Object(App\Controllers\Primero))
 8 SYSTEMPATH\CodeIgniter.php(340): CodeIgniter\CodeIgniter->handleRequest(null, Object(Config\Cache), false)
 9 SYSTEMPATH\Boot.php(417): CodeIgniter\CodeIgniter->run()
10 SYSTEMPATH\Boot.php(68): CodeIgniter\Boot::runCodeIgniter(Object(CodeIgniter\CodeIgniter))
11 FCPATH\index.php(59): CodeIgniter\Boot::bootWeb(Object(Config\Paths))
CRITICAL - 2026-03-26 22:15:23 --> ErrorException: Undefined variable $producto
[Method: GET, Route: hogar]
in APPPATH\Views\hogar.php on line 9.
 1 APPPATH\Views\hogar.php(9): CodeIgniter\Debug\Exceptions->errorHandler(2, 'Undefined variable $producto', 'C:\\xampp\\htdocs\\codeigniter4\\app\\Views\\hogar.php', 9)
 2 SYSTEMPATH\View\View.php(238): include('C:\\xampp\\htdocs\\codeigniter4\\app\\Views\\hogar.php')
 3 SYSTEMPATH\View\View.php(241): CodeIgniter\View\View->CodeIgniter\View\{closure}()
 4 SYSTEMPATH\Common.php(1250): CodeIgniter\View\View->render('hogar', [], true)
 5 APPPATH\Controllers\Primero.php(52): view('hogar')
 6 SYSTEMPATH\CodeIgniter.php(951): App\Controllers\Primero->hogar()
 7 SYSTEMPATH\CodeIgniter.php(497): CodeIgniter\CodeIgniter->runController(Object(App\Controllers\Primero))
 8 SYSTEMPATH\CodeIgniter.php(340): CodeIgniter\CodeIgniter->handleRequest(null, Object(Config\Cache), false)
 9 SYSTEMPATH\Boot.php(417): CodeIgniter\CodeIgniter->run()
10 SYSTEMPATH\Boot.php(68): CodeIgniter\Boot::runCodeIgniter(Object(CodeIgniter\CodeIgniter))
11 FCPATH\index.php(59): CodeIgniter\Boot::bootWeb(Object(Config\Paths))
CRITICAL - 2026-03-26 22:19:55 --> ErrorException: Undefined variable $producto
[Method: GET, Route: hogar]
in APPPATH\Views\hogar.php on line 9.
 1 APPPATH\Views\hogar.php(9): CodeIgniter\Debug\Exceptions->errorHandler(2, 'Undefined variable $producto', 'C:\\xampp\\htdocs\\codeigniter4\\app\\Views\\hogar.php', 9)
 2 SYSTEMPATH\View\View.php(238): include('C:\\xampp\\htdocs\\codeigniter4\\app\\Views\\hogar.php')
 3 SYSTEMPATH\View\View.php(241): CodeIgniter\View\View->CodeIgniter\View\{closure}()
 4 SYSTEMPATH\Common.php(1250): CodeIgniter\View\View->render('hogar', [], true)
 5 APPPATH\Controllers\Primero.php(52): view('hogar')
 6 SYSTEMPATH\CodeIgniter.php(951): App\Controllers\Primero->hogar()
 7 SYSTEMPATH\CodeIgniter.php(497): CodeIgniter\CodeIgniter->runController(Object(App\Controllers\Primero))
 8 SYSTEMPATH\CodeIgniter.php(340): CodeIgniter\CodeIgniter->handleRequest(null, Object(Config\Cache), false)
 9 SYSTEMPATH\Boot.php(417): CodeIgniter\CodeIgniter->run()
10 SYSTEMPATH\Boot.php(68): CodeIgniter\Boot::runCodeIgniter(Object(CodeIgniter\CodeIgniter))
11 FCPATH\index.php(59): CodeIgniter\Boot::bootWeb(Object(Config\Paths))
CRITICAL - 2026-03-26 22:20:23 --> ErrorException: Undefined variable $producto
[Method: GET, Route: hogar]
in APPPATH\Views\hogar.php on line 9.
 1 APPPATH\Views\hogar.php(9): CodeIgniter\Debug\Exceptions->errorHandler(2, 'Undefined variable $producto', 'C:\\xampp\\htdocs\\codeigniter4\\app\\Views\\hogar.php', 9)
 2 SYSTEMPATH\View\View.php(238): include('C:\\xampp\\htdocs\\codeigniter4\\app\\Views\\hogar.php')
 3 SYSTEMPATH\View\View.php(241): CodeIgniter\View\View->CodeIgniter\View\{closure}()
 4 SYSTEMPATH\Common.php(1250): CodeIgniter\View\View->render('hogar', [], true)
 5 APPPATH\Controllers\Primero.php(52): view('hogar')
 6 SYSTEMPATH\CodeIgniter.php(951): App\Controllers\Primero->hogar()
 7 SYSTEMPATH\CodeIgniter.php(497): CodeIgniter\CodeIgniter->runController(Object(App\Controllers\Primero))
 8 SYSTEMPATH\CodeIgniter.php(340): CodeIgniter\CodeIgniter->handleRequest(null, Object(Config\Cache), false)
 9 SYSTEMPATH\Boot.php(417): CodeIgniter\CodeIgniter->run()
10 SYSTEMPATH\Boot.php(68): CodeIgniter\Boot::runCodeIgniter(Object(CodeIgniter\CodeIgniter))
11 FCPATH\index.php(59): CodeIgniter\Boot::bootWeb(Object(Config\Paths))
CRITICAL - 2026-03-26 22:21:04 --> ErrorException: Undefined variable $producto
[Method: GET, Route: hogar]
in APPPATH\Views\hogar.php on line 9.
 1 APPPATH\Views\hogar.php(9): CodeIgniter\Debug\Exceptions->errorHandler(2, 'Undefined variable $producto', 'C:\\xampp\\htdocs\\codeigniter4\\app\\Views\\hogar.php', 9)
 2 SYSTEMPATH\View\View.php(238): include('C:\\xampp\\htdocs\\codeigniter4\\app\\Views\\hogar.php')
 3 SYSTEMPATH\View\View.php(241): CodeIgniter\View\View->CodeIgniter\View\{closure}()
 4 SYSTEMPATH\Common.php(1250): CodeIgniter\View\View->render('hogar', [], true)
 5 APPPATH\Controllers\Primero.php(52): view('hogar')
 6 SYSTEMPATH\CodeIgniter.php(951): App\Controllers\Primero->hogar()
 7 SYSTEMPATH\CodeIgniter.php(497): CodeIgniter\CodeIgniter->runController(Object(App\Controllers\Primero))
 8 SYSTEMPATH\CodeIgniter.php(340): CodeIgniter\CodeIgniter->handleRequest(null, Object(Config\Cache), false)
 9 SYSTEMPATH\Boot.php(417): CodeIgniter\CodeIgniter->run()
10 SYSTEMPATH\Boot.php(68): CodeIgniter\Boot::runCodeIgniter(Object(CodeIgniter\CodeIgniter))
11 FCPATH\index.php(59): CodeIgniter\Boot::bootWeb(Object(Config\Paths))
CRITICAL - 2026-03-26 22:23:52 --> ErrorException: Undefined variable $producto
[Method: GET, Route: hogar]
in APPPATH\Views\hogar.php on line 9.
 1 APPPATH\Views\hogar.php(9): CodeIgniter\Debug\Exceptions->errorHandler(2, 'Undefined variable $producto', 'C:\\xampp\\htdocs\\codeigniter4\\app\\Views\\hogar.php', 9)
 2 SYSTEMPATH\View\View.php(238): include('C:\\xampp\\htdocs\\codeigniter4\\app\\Views\\hogar.php')
 3 SYSTEMPATH\View\View.php(241): CodeIgniter\View\View->CodeIgniter\View\{closure}()
 4 SYSTEMPATH\Common.php(1250): CodeIgniter\View\View->render('hogar', [], true)
 5 APPPATH\Controllers\Primero.php(52): view('hogar')
 6 SYSTEMPATH\CodeIgniter.php(951): App\Controllers\Primero->hogar()
 7 SYSTEMPATH\CodeIgniter.php(497): CodeIgniter\CodeIgniter->runController(Object(App\Controllers\Primero))
 8 SYSTEMPATH\CodeIgniter.php(340): CodeIgniter\CodeIgniter->handleRequest(null, Object(Config\Cache), false)
 9 SYSTEMPATH\Boot.php(417): CodeIgniter\CodeIgniter->run()
10 SYSTEMPATH\Boot.php(68): CodeIgniter\Boot::runCodeIgniter(Object(CodeIgniter\CodeIgniter))
11 FCPATH\index.php(59): CodeIgniter\Boot::bootWeb(Object(Config\Paths))
CRITICAL - 2026-03-26 22:35:52 --> ErrorException: Undefined variable $producto
[Method: GET, Route: hogar]
in APPPATH\Views\hogar.php on line 11.
 1 APPPATH\Views\hogar.php(11): CodeIgniter\Debug\Exceptions->errorHandler(2, 'Undefined variable $producto', 'C:\\xampp\\htdocs\\codeigniter4\\app\\Views\\hogar.php', 11)
 2 SYSTEMPATH\View\View.php(238): include('C:\\xampp\\htdocs\\codeigniter4\\app\\Views\\hogar.php')
 3 SYSTEMPATH\View\View.php(241): CodeIgniter\View\View->CodeIgniter\View\{closure}()
 4 SYSTEMPATH\Common.php(1250): CodeIgniter\View\View->render('hogar', [], true)
 5 APPPATH\Controllers\Primero.php(53): view('hogar')
 6 SYSTEMPATH\CodeIgniter.php(951): App\Controllers\Primero->hogar()
 7 SYSTEMPATH\CodeIgniter.php(497): CodeIgniter\CodeIgniter->runController(Object(App\Controllers\Primero))
 8 SYSTEMPATH\CodeIgniter.php(340): CodeIgniter\CodeIgniter->handleRequest(null, Object(Config\Cache), false)
 9 SYSTEMPATH\Boot.php(417): CodeIgniter\CodeIgniter->run()
10 SYSTEMPATH\Boot.php(68): CodeIgniter\Boot::runCodeIgniter(Object(CodeIgniter\CodeIgniter))
11 FCPATH\index.php(59): CodeIgniter\Boot::bootWeb(Object(Config\Paths))
CRITICAL - 2026-03-26 22:37:10 --> ErrorException: Undefined variable $producto
[Method: GET, Route: hogar]
in APPPATH\Views\hogar.php on line 8.
 1 APPPATH\Views\hogar.php(8): CodeIgniter\Debug\Exceptions->errorHandler(2, 'Undefined variable $producto', 'C:\\xampp\\htdocs\\codeigniter4\\app\\Views\\hogar.php', 8)
 2 SYSTEMPATH\View\View.php(238): include('C:\\xampp\\htdocs\\codeigniter4\\app\\Views\\hogar.php')
 3 SYSTEMPATH\View\View.php(241): CodeIgniter\View\View->CodeIgniter\View\{closure}()
 4 SYSTEMPATH\Common.php(1250): CodeIgniter\View\View->render('hogar', [], true)
 5 APPPATH\Controllers\Primero.php(53): view('hogar')
 6 SYSTEMPATH\CodeIgniter.php(951): App\Controllers\Primero->hogar()
 7 SYSTEMPATH\CodeIgniter.php(497): CodeIgniter\CodeIgniter->runController(Object(App\Controllers\Primero))
 8 SYSTEMPATH\CodeIgniter.php(340): CodeIgniter\CodeIgniter->handleRequest(null, Object(Config\Cache), false)
 9 SYSTEMPATH\Boot.php(417): CodeIgniter\CodeIgniter->run()
10 SYSTEMPATH\Boot.php(68): CodeIgniter\Boot::runCodeIgniter(Object(CodeIgniter\CodeIgniter))
11 FCPATH\index.php(59): CodeIgniter\Boot::bootWeb(Object(Config\Paths))
CRITICAL - 2026-03-26 22:38:08 --> ErrorException: Undefined variable $producto
[Method: GET, Route: hogar]
in APPPATH\Views\hogar.php on line 8.
 1 APPPATH\Views\hogar.php(8): CodeIgniter\Debug\Exceptions->errorHandler(2, 'Undefined variable $producto', 'C:\\xampp\\htdocs\\codeigniter4\\app\\Views\\hogar.php', 8)
 2 SYSTEMPATH\View\View.php(238): include('C:\\xampp\\htdocs\\codeigniter4\\app\\Views\\hogar.php')
 3 SYSTEMPATH\View\View.php(241): CodeIgniter\View\View->CodeIgniter\View\{closure}()
 4 SYSTEMPATH\Common.php(1250): CodeIgniter\View\View->render('hogar', [], true)
 5 APPPATH\Controllers\Primero.php(34): view('hogar')
 6 SYSTEMPATH\CodeIgniter.php(951): App\Controllers\Primero->hogar()
 7 SYSTEMPATH\CodeIgniter.php(497): CodeIgniter\CodeIgniter->runController(Object(App\Controllers\Primero))
 8 SYSTEMPATH\CodeIgniter.php(340): CodeIgniter\CodeIgniter->handleRequest(null, Object(Config\Cache), false)
 9 SYSTEMPATH\Boot.php(417): CodeIgniter\CodeIgniter->run()
10 SYSTEMPATH\Boot.php(68): CodeIgniter\Boot::runCodeIgniter(Object(CodeIgniter\CodeIgniter))
11 FCPATH\index.php(59): CodeIgniter\Boot::bootWeb(Object(Config\Paths))
CRITICAL - 2026-03-26 22:38:10 --> ErrorException: Undefined variable $producto
[Method: GET, Route: hogar]
in APPPATH\Views\hogar.php on line 8.
 1 APPPATH\Views\hogar.php(8): CodeIgniter\Debug\Exceptions->errorHandler(2, 'Undefined variable $producto', 'C:\\xampp\\htdocs\\codeigniter4\\app\\Views\\hogar.php', 8)
 2 SYSTEMPATH\View\View.php(238): include('C:\\xampp\\htdocs\\codeigniter4\\app\\Views\\hogar.php')
 3 SYSTEMPATH\View\View.php(241): CodeIgniter\View\View->CodeIgniter\View\{closure}()
 4 SYSTEMPATH\Common.php(1250): CodeIgniter\View\View->render('hogar', [], true)
 5 APPPATH\Controllers\Primero.php(34): view('hogar')
 6 SYSTEMPATH\CodeIgniter.php(951): App\Controllers\Primero->hogar()
 7 SYSTEMPATH\CodeIgniter.php(497): CodeIgniter\CodeIgniter->runController(Object(App\Controllers\Primero))
 8 SYSTEMPATH\CodeIgniter.php(340): CodeIgniter\CodeIgniter->handleRequest(null, Object(Config\Cache), false)
 9 SYSTEMPATH\Boot.php(417): CodeIgniter\CodeIgniter->run()
10 SYSTEMPATH\Boot.php(68): CodeIgniter\Boot::runCodeIgniter(Object(CodeIgniter\CodeIgniter))
11 FCPATH\index.php(59): CodeIgniter\Boot::bootWeb(Object(Config\Paths))
