CRITICAL - 2026-03-18 21:39:38 --> CodeIgniter\View\Exceptions\ViewException: Invalid file: "formulario2.php"
[Method: GET, Route: formulario2]
in SYSTEMPATH\Exceptions\FrameworkException.php on line 39.
 1 SYSTEMPATH\View\View.php(226): CodeIgniter\Exceptions\FrameworkException::forInvalidFile('formulario2.php')
 2 SYSTEMPATH\Common.php(1250): CodeIgniter\View\View->render('formulario2', [], true)
 3 APPPATH\Controllers\Primero.php(31): view('formulario2')
 4 SYSTEMPATH\CodeIgniter.php(951): App\Controllers\Primero->form2()
 5 SYSTEMPATH\CodeIgniter.php(497): CodeIgniter\CodeIgniter->runController(Object(App\Controllers\Primero))
 6 SYSTEMPATH\CodeIgniter.php(340): CodeIgniter\CodeIgniter->handleRequest(null, Object(Config\Cache), false)
 7 SYSTEMPATH\Boot.php(417): CodeIgniter\CodeIgniter->run()
 8 SYSTEMPATH\Boot.php(68): CodeIgniter\Boot::runCodeIgniter(Object(CodeIgniter\CodeIgniter))
 9 FCPATH\index.php(59): CodeIgniter\Boot::bootWeb(Object(Config\Paths))
CRITICAL - 2026-03-18 21:42:00 --> CodeIgniter\HTTP\Exceptions\BadRequestException: The URI you submitted has disallowed characters: "nomaño"
[Method: GET, Route: noma%C3%B1o]
in SYSTEMPATH\Router\Router.php on line 768.
 1 SYSTEMPATH\Router\Router.php(219): CodeIgniter\Router\Router->checkDisallowedChars('nomaño')
 2 SYSTEMPATH\CodeIgniter.php(829): CodeIgniter\Router\Router->handle('nomaño')
 3 SYSTEMPATH\CodeIgniter.php(441): CodeIgniter\CodeIgniter->tryToRouteIt(Object(CodeIgniter\Router\RouteCollection))
 4 SYSTEMPATH\CodeIgniter.php(340): CodeIgniter\CodeIgniter->handleRequest(null, Object(Config\Cache), false)
 5 SYSTEMPATH\Boot.php(417): CodeIgniter\CodeIgniter->run()
 6 SYSTEMPATH\Boot.php(68): CodeIgniter\Boot::runCodeIgniter(Object(CodeIgniter\CodeIgniter))
 7 FCPATH\index.php(59): CodeIgniter\Boot::bootWeb(Object(Config\Paths))
CRITICAL - 2026-03-18 21:42:08 --> CodeIgniter\HTTP\Exceptions\BadRequestException: The URI you submitted has disallowed characters: "nomaño.php"
[Method: GET, Route: noma%C3%B1o.php]
in SYSTEMPATH\Router\Router.php on line 768.
 1 SYSTEMPATH\Router\Router.php(219): CodeIgniter\Router\Router->checkDisallowedChars('nomaño.php')
 2 SYSTEMPATH\CodeIgniter.php(829): CodeIgniter\Router\Router->handle('nomaño.php')
 3 SYSTEMPATH\CodeIgniter.php(441): CodeIgniter\CodeIgniter->tryToRouteIt(Object(CodeIgniter\Router\RouteCollection))
 4 SYSTEMPATH\CodeIgniter.php(340): CodeIgniter\CodeIgniter->handleRequest(null, Object(Config\Cache), false)
 5 SYSTEMPATH\Boot.php(417): CodeIgniter\CodeIgniter->run()
 6 SYSTEMPATH\Boot.php(68): CodeIgniter\Boot::runCodeIgniter(Object(CodeIgniter\CodeIgniter))
 7 FCPATH\index.php(59): CodeIgniter\Boot::bootWeb(Object(Config\Paths))
CRITICAL - 2026-03-18 21:43:00 --> CodeIgniter\HTTP\Exceptions\BadRequestException: The URI you submitted has disallowed characters: "nomaño.php"
[Method: GET, Route: noma%C3%B1o.php]
in SYSTEMPATH\Router\Router.php on line 768.
 1 SYSTEMPATH\Router\Router.php(219): CodeIgniter\Router\Router->checkDisallowedChars('nomaño.php')
 2 SYSTEMPATH\CodeIgniter.php(829): CodeIgniter\Router\Router->handle('nomaño.php')
 3 SYSTEMPATH\CodeIgniter.php(441): CodeIgniter\CodeIgniter->tryToRouteIt(Object(CodeIgniter\Router\RouteCollection))
 4 SYSTEMPATH\CodeIgniter.php(340): CodeIgniter\CodeIgniter->handleRequest(null, Object(Config\Cache), false)
 5 SYSTEMPATH\Boot.php(417): CodeIgniter\CodeIgniter->run()
 6 SYSTEMPATH\Boot.php(68): CodeIgniter\Boot::runCodeIgniter(Object(CodeIgniter\CodeIgniter))
 7 FCPATH\index.php(59): CodeIgniter\Boot::bootWeb(Object(Config\Paths))
CRITICAL - 2026-03-18 21:43:04 --> CodeIgniter\HTTP\Exceptions\BadRequestException: The URI you submitted has disallowed characters: "nomaño"
[Method: GET, Route: noma%C3%B1o]
in SYSTEMPATH\Router\Router.php on line 768.
 1 SYSTEMPATH\Router\Router.php(219): CodeIgniter\Router\Router->checkDisallowedChars('nomaño')
 2 SYSTEMPATH\CodeIgniter.php(829): CodeIgniter\Router\Router->handle('nomaño')
 3 SYSTEMPATH\CodeIgniter.php(441): CodeIgniter\CodeIgniter->tryToRouteIt(Object(CodeIgniter\Router\RouteCollection))
 4 SYSTEMPATH\CodeIgniter.php(340): CodeIgniter\CodeIgniter->handleRequest(null, Object(Config\Cache), false)
 5 SYSTEMPATH\Boot.php(417): CodeIgniter\CodeIgniter->run()
 6 SYSTEMPATH\Boot.php(68): CodeIgniter\Boot::runCodeIgniter(Object(CodeIgniter\CodeIgniter))
 7 FCPATH\index.php(59): CodeIgniter\Boot::bootWeb(Object(Config\Paths))
WARNING - 2026-03-18 21:57:54 --> [DEPRECATED] date_create(): Passing null to parameter #1 ($datetime) of type string is deprecated in APPPATH\Controllers\Primero.php on line 38.
 1 APPPATH\Controllers\Primero.php(38): date_create(null)
 2 SYSTEMPATH\CodeIgniter.php(951): App\Controllers\Primero->resp2()
 3 SYSTEMPATH\CodeIgniter.php(497): CodeIgniter\CodeIgniter->runController(Object(App\Controllers\Primero))
 4 SYSTEMPATH\CodeIgniter.php(340): CodeIgniter\CodeIgniter->handleRequest(null, Object(Config\Cache), false)
 5 SYSTEMPATH\Boot.php(417): CodeIgniter\CodeIgniter->run()
 6 SYSTEMPATH\Boot.php(68): CodeIgniter\Boot::runCodeIgniter(Object(CodeIgniter\CodeIgniter))
 7 FCPATH\index.php(59): CodeIgniter\Boot::bootWeb(Object(Config\Paths))
CRITICAL - 2026-03-18 21:57:54 --> ErrorException: Undefined variable $suma
[Method: POST, Route: respuesta2]
in APPPATH\Views\respuesta2.php on line 12.
 1 APPPATH\Views\respuesta2.php(12): CodeIgniter\Debug\Exceptions->errorHandler(2, 'Undefined variable $suma', 'C:\\xampp\\htdocs\\codeigniter4\\app\\Views\\respuesta2.php', 12)
 2 SYSTEMPATH\View\View.php(238): include('C:\\xampp\\htdocs\\codeigniter4\\app\\Views\\respuesta2.php')
 3 SYSTEMPATH\View\View.php(241): CodeIgniter\View\View->CodeIgniter\View\{closure}()
 4 SYSTEMPATH\Common.php(1250): CodeIgniter\View\View->render('respuesta2', [], true)
 5 APPPATH\Controllers\Primero.php(40): view('respuesta2', [...])
 6 SYSTEMPATH\CodeIgniter.php(951): App\Controllers\Primero->resp2()
 7 SYSTEMPATH\CodeIgniter.php(497): CodeIgniter\CodeIgniter->runController(Object(App\Controllers\Primero))
 8 SYSTEMPATH\CodeIgniter.php(340): CodeIgniter\CodeIgniter->handleRequest(null, Object(Config\Cache), false)
 9 SYSTEMPATH\Boot.php(417): CodeIgniter\CodeIgniter->run()
10 SYSTEMPATH\Boot.php(68): CodeIgniter\Boot::runCodeIgniter(Object(CodeIgniter\CodeIgniter))
11 FCPATH\index.php(59): CodeIgniter\Boot::bootWeb(Object(Config\Paths))
WARNING - 2026-03-18 22:02:49 --> [DEPRECATED] date_create(): Passing null to parameter #1 ($datetime) of type string is deprecated in APPPATH\Controllers\Primero.php on line 38.
 1 APPPATH\Controllers\Primero.php(38): date_create(null)
 2 SYSTEMPATH\CodeIgniter.php(951): App\Controllers\Primero->resp2()
 3 SYSTEMPATH\CodeIgniter.php(497): CodeIgniter\CodeIgniter->runController(Object(App\Controllers\Primero))
 4 SYSTEMPATH\CodeIgniter.php(340): CodeIgniter\CodeIgniter->handleRequest(null, Object(Config\Cache), false)
 5 SYSTEMPATH\Boot.php(417): CodeIgniter\CodeIgniter->run()
 6 SYSTEMPATH\Boot.php(68): CodeIgniter\Boot::runCodeIgniter(Object(CodeIgniter\CodeIgniter))
 7 FCPATH\index.php(59): CodeIgniter\Boot::bootWeb(Object(Config\Paths))
WARNING - 2026-03-18 22:03:16 --> [DEPRECATED] date_create(): Passing null to parameter #1 ($datetime) of type string is deprecated in APPPATH\Controllers\Primero.php on line 38.
 1 APPPATH\Controllers\Primero.php(38): date_create(null)
 2 SYSTEMPATH\CodeIgniter.php(951): App\Controllers\Primero->resp2()
 3 SYSTEMPATH\CodeIgniter.php(497): CodeIgniter\CodeIgniter->runController(Object(App\Controllers\Primero))
 4 SYSTEMPATH\CodeIgniter.php(340): CodeIgniter\CodeIgniter->handleRequest(null, Object(Config\Cache), false)
 5 SYSTEMPATH\Boot.php(417): CodeIgniter\CodeIgniter->run()
 6 SYSTEMPATH\Boot.php(68): CodeIgniter\Boot::runCodeIgniter(Object(CodeIgniter\CodeIgniter))
 7 FCPATH\index.php(59): CodeIgniter\Boot::bootWeb(Object(Config\Paths))
WARNING - 2026-03-18 22:03:36 --> [DEPRECATED] date_create(): Passing null to parameter #1 ($datetime) of type string is deprecated in APPPATH\Controllers\Primero.php on line 38.
 1 APPPATH\Controllers\Primero.php(38): date_create(null)
 2 SYSTEMPATH\CodeIgniter.php(951): App\Controllers\Primero->resp2()
 3 SYSTEMPATH\CodeIgniter.php(497): CodeIgniter\CodeIgniter->runController(Object(App\Controllers\Primero))
 4 SYSTEMPATH\CodeIgniter.php(340): CodeIgniter\CodeIgniter->handleRequest(null, Object(Config\Cache), false)
 5 SYSTEMPATH\Boot.php(417): CodeIgniter\CodeIgniter->run()
 6 SYSTEMPATH\Boot.php(68): CodeIgniter\Boot::runCodeIgniter(Object(CodeIgniter\CodeIgniter))
 7 FCPATH\index.php(59): CodeIgniter\Boot::bootWeb(Object(Config\Paths))
WARNING - 2026-03-18 22:08:10 --> [DEPRECATED] date_create(): Passing null to parameter #1 ($datetime) of type string is deprecated in APPPATH\Controllers\Primero.php on line 38.
 1 APPPATH\Controllers\Primero.php(38): date_create(null)
 2 SYSTEMPATH\CodeIgniter.php(951): App\Controllers\Primero->resp2()
 3 SYSTEMPATH\CodeIgniter.php(497): CodeIgniter\CodeIgniter->runController(Object(App\Controllers\Primero))
 4 SYSTEMPATH\CodeIgniter.php(340): CodeIgniter\CodeIgniter->handleRequest(null, Object(Config\Cache), false)
 5 SYSTEMPATH\Boot.php(417): CodeIgniter\CodeIgniter->run()
 6 SYSTEMPATH\Boot.php(68): CodeIgniter\Boot::runCodeIgniter(Object(CodeIgniter\CodeIgniter))
 7 FCPATH\index.php(59): CodeIgniter\Boot::bootWeb(Object(Config\Paths))
WARNING - 2026-03-18 22:08:50 --> [DEPRECATED] date_create(): Passing null to parameter #1 ($datetime) of type string is deprecated in APPPATH\Controllers\Primero.php on line 38.
 1 APPPATH\Controllers\Primero.php(38): date_create(null)
 2 SYSTEMPATH\CodeIgniter.php(951): App\Controllers\Primero->resp2()
 3 SYSTEMPATH\CodeIgniter.php(497): CodeIgniter\CodeIgniter->runController(Object(App\Controllers\Primero))
 4 SYSTEMPATH\CodeIgniter.php(340): CodeIgniter\CodeIgniter->handleRequest(null, Object(Config\Cache), false)
 5 SYSTEMPATH\Boot.php(417): CodeIgniter\CodeIgniter->run()
 6 SYSTEMPATH\Boot.php(68): CodeIgniter\Boot::runCodeIgniter(Object(CodeIgniter\CodeIgniter))
 7 FCPATH\index.php(59): CodeIgniter\Boot::bootWeb(Object(Config\Paths))
WARNING - 2026-03-18 22:09:39 --> [DEPRECATED] date_create(): Passing null to parameter #1 ($datetime) of type string is deprecated in APPPATH\Controllers\Primero.php on line 38.
 1 APPPATH\Controllers\Primero.php(38): date_create(null)
 2 SYSTEMPATH\CodeIgniter.php(951): App\Controllers\Primero->resp2()
 3 SYSTEMPATH\CodeIgniter.php(497): CodeIgniter\CodeIgniter->runController(Object(App\Controllers\Primero))
 4 SYSTEMPATH\CodeIgniter.php(340): CodeIgniter\CodeIgniter->handleRequest(null, Object(Config\Cache), false)
 5 SYSTEMPATH\Boot.php(417): CodeIgniter\CodeIgniter->run()
 6 SYSTEMPATH\Boot.php(68): CodeIgniter\Boot::runCodeIgniter(Object(CodeIgniter\CodeIgniter))
 7 FCPATH\index.php(59): CodeIgniter\Boot::bootWeb(Object(Config\Paths))
WARNING - 2026-03-18 22:12:21 --> [DEPRECATED] date_create(): Passing null to parameter #1 ($datetime) of type string is deprecated in APPPATH\Controllers\Primero.php on line 38.
 1 APPPATH\Controllers\Primero.php(38): date_create(null)
 2 SYSTEMPATH\CodeIgniter.php(951): App\Controllers\Primero->resp2()
 3 SYSTEMPATH\CodeIgniter.php(497): CodeIgniter\CodeIgniter->runController(Object(App\Controllers\Primero))
 4 SYSTEMPATH\CodeIgniter.php(340): CodeIgniter\CodeIgniter->handleRequest(null, Object(Config\Cache), false)
 5 SYSTEMPATH\Boot.php(417): CodeIgniter\CodeIgniter->run()
 6 SYSTEMPATH\Boot.php(68): CodeIgniter\Boot::runCodeIgniter(Object(CodeIgniter\CodeIgniter))
 7 FCPATH\index.php(59): CodeIgniter\Boot::bootWeb(Object(Config\Paths))
WARNING - 2026-03-18 22:13:50 --> [DEPRECATED] date_create(): Passing null to parameter #1 ($datetime) of type string is deprecated in APPPATH\Controllers\Primero.php on line 38.
 1 APPPATH\Controllers\Primero.php(38): date_create(null)
 2 SYSTEMPATH\CodeIgniter.php(951): App\Controllers\Primero->resp2()
 3 SYSTEMPATH\CodeIgniter.php(497): CodeIgniter\CodeIgniter->runController(Object(App\Controllers\Primero))
 4 SYSTEMPATH\CodeIgniter.php(340): CodeIgniter\CodeIgniter->handleRequest(null, Object(Config\Cache), false)
 5 SYSTEMPATH\Boot.php(417): CodeIgniter\CodeIgniter->run()
 6 SYSTEMPATH\Boot.php(68): CodeIgniter\Boot::runCodeIgniter(Object(CodeIgniter\CodeIgniter))
 7 FCPATH\index.php(59): CodeIgniter\Boot::bootWeb(Object(Config\Paths))
